2025-09-18 17:18:58,603 [Worker-4: Loading available Gradle versions] INFO  o.e.b.c.i.u.g.PublishedGradleVersions - Gradle version information cache is up-to-date. Trying to read.
2025-09-18 17:20:16,421 [Worker-7: Launching mavenrun-5fb68604-2c94-43b3-8250-3227a284fea1] INFO  o.eclipse.m2e.core.internal.Bundles - getClasspathEntries(Bundle=org.eclipse.m2e.maven.runtime_3.9.500.20231113-2345 [626])
2025-09-18 17:20:16,423 [Worker-7: Launching mavenrun-5fb68604-2c94-43b3-8250-3227a284fea1] INFO  o.eclipse.m2e.core.internal.Bundles - 	Entry: C:\Users\WALK-COMP-035\.p2\pool\plugins\org.eclipse.m2e.maven.runtime_3.9.500.20231113-2345
2025-09-18 17:20:16,423 [Worker-7: Launching mavenrun-5fb68604-2c94-43b3-8250-3227a284fea1] INFO  o.eclipse.m2e.core.internal.Bundles - 	Entry: C:\Users\WALK-COMP-035\.p2\pool\plugins\org.eclipse.m2e.maven.runtime_3.9.500.20231113-2345\jars\aopalliance-1.0.jar
2025-09-18 17:20:16,424 [Worker-7: Launching mavenrun-5fb68604-2c94-43b3-8250-3227a284fea1] INFO  o.eclipse.m2e.core.internal.Bundles - 	Entry: C:\Users\WALK-COMP-035\.p2\pool\plugins\org.eclipse.m2e.maven.runtime_3.9.500.20231113-2345\jars\guice-5.1.0.jar
2025-09-18 17:20:16,425 [Worker-7: Launching mavenrun-5fb68604-2c94-43b3-8250-3227a284fea1] INFO  o.eclipse.m2e.core.internal.Bundles - 	Entry: C:\Users\WALK-COMP-035\.p2\pool\plugins\org.eclipse.m2e.maven.runtime_3.9.500.20231113-2345\jars\httpclient-4.5.14.jar
2025-09-18 17:20:16,425 [Worker-7: Launching mavenrun-5fb68604-2c94-43b3-8250-3227a284fea1] INFO  o.eclipse.m2e.core.internal.Bundles - 	Entry: C:\Users\WALK-COMP-035\.p2\pool\plugins\org.eclipse.m2e.maven.runtime_3.9.500.20231113-2345\jars\httpcore-4.4.16.jar
2025-09-18 17:20:16,425 [Worker-7: Launching mavenrun-5fb68604-2c94-43b3-8250-3227a284fea1] INFO  o.eclipse.m2e.core.internal.Bundles - 	Entry: C:\Users\WALK-COMP-035\.p2\pool\plugins\org.eclipse.m2e.maven.runtime_3.9.500.20231113-2345\jars\jansi-2.4.0.jar
2025-09-18 17:20:16,426 [Worker-7: Launching mavenrun-5fb68604-2c94-43b3-8250-3227a284fea1] INFO  o.eclipse.m2e.core.internal.Bundles - 	Entry: C:\Users\WALK-COMP-035\.p2\pool\plugins\org.eclipse.m2e.maven.runtime_3.9.500.20231113-2345\jars\jcl-over-slf4j-1.7.36.jar
2025-09-18 17:20:16,426 [Worker-7: Launching mavenrun-5fb68604-2c94-43b3-8250-3227a284fea1] INFO  o.eclipse.m2e.core.internal.Bundles - 	Entry: C:\Users\WALK-COMP-035\.p2\pool\plugins\org.eclipse.m2e.maven.runtime_3.9.500.20231113-2345\jars\maven-artifact-3.9.5.jar
2025-09-18 17:20:16,426 [Worker-7: Launching mavenrun-5fb68604-2c94-43b3-8250-3227a284fea1] INFO  o.eclipse.m2e.core.internal.Bundles - 	Entry: C:\Users\WALK-COMP-035\.p2\pool\plugins\org.eclipse.m2e.maven.runtime_3.9.500.20231113-2345\jars\maven-builder-support-3.9.5.jar
2025-09-18 17:20:16,426 [Worker-7: Launching mavenrun-5fb68604-2c94-43b3-8250-3227a284fea1] INFO  o.eclipse.m2e.core.internal.Bundles - 	Entry: C:\Users\WALK-COMP-035\.p2\pool\plugins\org.eclipse.m2e.maven.runtime_3.9.500.20231113-2345\jars\maven-compat-3.9.5.jar
2025-09-18 17:20:16,426 [Worker-7: Launching mavenrun-5fb68604-2c94-43b3-8250-3227a284fea1] INFO  o.eclipse.m2e.core.internal.Bundles - 	Entry: C:\Users\WALK-COMP-035\.p2\pool\plugins\org.eclipse.m2e.maven.runtime_3.9.500.20231113-2345\jars\maven-core-3.9.5.jar
2025-09-18 17:20:16,427 [Worker-7: Launching mavenrun-5fb68604-2c94-43b3-8250-3227a284fea1] INFO  o.eclipse.m2e.core.internal.Bundles - 	Entry: C:\Users\WALK-COMP-035\.p2\pool\plugins\org.eclipse.m2e.maven.runtime_3.9.500.20231113-2345\jars\maven-embedder-3.9.5.jar
2025-09-18 17:20:16,428 [Worker-7: Launching mavenrun-5fb68604-2c94-43b3-8250-3227a284fea1] INFO  o.eclipse.m2e.core.internal.Bundles - 	Entry: C:\Users\WALK-COMP-035\.p2\pool\plugins\org.eclipse.m2e.maven.runtime_3.9.500.20231113-2345\jars\maven-model-3.9.5.jar
2025-09-18 17:20:16,428 [Worker-7: Launching mavenrun-5fb68604-2c94-43b3-8250-3227a284fea1] INFO  o.eclipse.m2e.core.internal.Bundles - 	Entry: C:\Users\WALK-COMP-035\.p2\pool\plugins\org.eclipse.m2e.maven.runtime_3.9.500.20231113-2345\jars\maven-model-builder-3.9.5.jar
2025-09-18 17:20:16,429 [Worker-7: Launching mavenrun-5fb68604-2c94-43b3-8250-3227a284fea1] INFO  o.eclipse.m2e.core.internal.Bundles - 	Entry: C:\Users\WALK-COMP-035\.p2\pool\plugins\org.eclipse.m2e.maven.runtime_3.9.500.20231113-2345\jars\maven-plugin-api-3.9.5.jar
2025-09-18 17:20:16,429 [Worker-7: Launching mavenrun-5fb68604-2c94-43b3-8250-3227a284fea1] INFO  o.eclipse.m2e.core.internal.Bundles - 	Entry: C:\Users\WALK-COMP-035\.p2\pool\plugins\org.eclipse.m2e.maven.runtime_3.9.500.20231113-2345\jars\maven-repository-metadata-3.9.5.jar
2025-09-18 17:20:16,429 [Worker-7: Launching mavenrun-5fb68604-2c94-43b3-8250-3227a284fea1] INFO  o.eclipse.m2e.core.internal.Bundles - 	Entry: C:\Users\WALK-COMP-035\.p2\pool\plugins\org.eclipse.m2e.maven.runtime_3.9.500.20231113-2345\jars\maven-resolver-api-1.9.16.jar
2025-09-18 17:20:16,429 [Worker-7: Launching mavenrun-5fb68604-2c94-43b3-8250-3227a284fea1] INFO  o.eclipse.m2e.core.internal.Bundles - 	Entry: C:\Users\WALK-COMP-035\.p2\pool\plugins\org.eclipse.m2e.maven.runtime_3.9.500.20231113-2345\jars\maven-resolver-connector-basic-1.9.16.jar
2025-09-18 17:20:16,429 [Worker-7: Launching mavenrun-5fb68604-2c94-43b3-8250-3227a284fea1] INFO  o.eclipse.m2e.core.internal.Bundles - 	Entry: C:\Users\WALK-COMP-035\.p2\pool\plugins\org.eclipse.m2e.maven.runtime_3.9.500.20231113-2345\jars\maven-resolver-impl-1.9.16.jar
2025-09-18 17:20:16,430 [Worker-7: Launching mavenrun-5fb68604-2c94-43b3-8250-3227a284fea1] INFO  o.eclipse.m2e.core.internal.Bundles - 	Entry: C:\Users\WALK-COMP-035\.p2\pool\plugins\org.eclipse.m2e.maven.runtime_3.9.500.20231113-2345\jars\maven-resolver-named-locks-1.9.16.jar
2025-09-18 17:20:16,430 [Worker-7: Launching mavenrun-5fb68604-2c94-43b3-8250-3227a284fea1] INFO  o.eclipse.m2e.core.internal.Bundles - 	Entry: C:\Users\WALK-COMP-035\.p2\pool\plugins\org.eclipse.m2e.maven.runtime_3.9.500.20231113-2345\jars\maven-resolver-provider-3.9.5.jar
2025-09-18 17:20:16,430 [Worker-7: Launching mavenrun-5fb68604-2c94-43b3-8250-3227a284fea1] INFO  o.eclipse.m2e.core.internal.Bundles - 	Entry: C:\Users\WALK-COMP-035\.p2\pool\plugins\org.eclipse.m2e.maven.runtime_3.9.500.20231113-2345\jars\maven-resolver-spi-1.9.16.jar
2025-09-18 17:20:16,430 [Worker-7: Launching mavenrun-5fb68604-2c94-43b3-8250-3227a284fea1] INFO  o.eclipse.m2e.core.internal.Bundles - 	Entry: C:\Users\WALK-COMP-035\.p2\pool\plugins\org.eclipse.m2e.maven.runtime_3.9.500.20231113-2345\jars\maven-resolver-transport-file-1.9.16.jar
2025-09-18 17:20:16,430 [Worker-7: Launching mavenrun-5fb68604-2c94-43b3-8250-3227a284fea1] INFO  o.eclipse.m2e.core.internal.Bundles - 	Entry: C:\Users\WALK-COMP-035\.p2\pool\plugins\org.eclipse.m2e.maven.runtime_3.9.500.20231113-2345\jars\maven-resolver-transport-http-1.9.16.jar
2025-09-18 17:20:16,430 [Worker-7: Launching mavenrun-5fb68604-2c94-43b3-8250-3227a284fea1] INFO  o.eclipse.m2e.core.internal.Bundles - 	Entry: C:\Users\WALK-COMP-035\.p2\pool\plugins\org.eclipse.m2e.maven.runtime_3.9.500.20231113-2345\jars\maven-resolver-transport-wagon-1.9.16.jar
2025-09-18 17:20:16,430 [Worker-7: Launching mavenrun-5fb68604-2c94-43b3-8250-3227a284fea1] INFO  o.eclipse.m2e.core.internal.Bundles - 	Entry: C:\Users\WALK-COMP-035\.p2\pool\plugins\org.eclipse.m2e.maven.runtime_3.9.500.20231113-2345\jars\maven-resolver-util-1.9.16.jar
2025-09-18 17:20:16,431 [Worker-7: Launching mavenrun-5fb68604-2c94-43b3-8250-3227a284fea1] INFO  o.eclipse.m2e.core.internal.Bundles - 	Entry: C:\Users\WALK-COMP-035\.p2\pool\plugins\org.eclipse.m2e.maven.runtime_3.9.500.20231113-2345\jars\maven-settings-3.9.5.jar
2025-09-18 17:20:16,431 [Worker-7: Launching mavenrun-5fb68604-2c94-43b3-8250-3227a284fea1] INFO  o.eclipse.m2e.core.internal.Bundles - 	Entry: C:\Users\WALK-COMP-035\.p2\pool\plugins\org.eclipse.m2e.maven.runtime_3.9.500.20231113-2345\jars\maven-settings-builder-3.9.5.jar
2025-09-18 17:20:16,431 [Worker-7: Launching mavenrun-5fb68604-2c94-43b3-8250-3227a284fea1] INFO  o.eclipse.m2e.core.internal.Bundles - 	Entry: C:\Users\WALK-COMP-035\.p2\pool\plugins\org.eclipse.m2e.maven.runtime_3.9.500.20231113-2345\jars\maven-shared-utils-3.3.4.jar
2025-09-18 17:20:16,431 [Worker-7: Launching mavenrun-5fb68604-2c94-43b3-8250-3227a284fea1] INFO  o.eclipse.m2e.core.internal.Bundles - 	Entry: C:\Users\WALK-COMP-035\.p2\pool\plugins\org.eclipse.m2e.maven.runtime_3.9.500.20231113-2345\jars\org.eclipse.sisu.inject-0.3.5.jar
2025-09-18 17:20:16,431 [Worker-7: Launching mavenrun-5fb68604-2c94-43b3-8250-3227a284fea1] INFO  o.eclipse.m2e.core.internal.Bundles - 	Entry: C:\Users\WALK-COMP-035\.p2\pool\plugins\org.eclipse.m2e.maven.runtime_3.9.500.20231113-2345\jars\org.eclipse.sisu.plexus-0.3.5.jar
2025-09-18 17:20:16,431 [Worker-7: Launching mavenrun-5fb68604-2c94-43b3-8250-3227a284fea1] INFO  o.eclipse.m2e.core.internal.Bundles - 	Entry: C:\Users\WALK-COMP-035\.p2\pool\plugins\org.eclipse.m2e.maven.runtime_3.9.500.20231113-2345\jars\plexus-build-api-0.0.7.jar
2025-09-18 17:20:16,431 [Worker-7: Launching mavenrun-5fb68604-2c94-43b3-8250-3227a284fea1] INFO  o.eclipse.m2e.core.internal.Bundles - 	Entry: C:\Users\WALK-COMP-035\.p2\pool\plugins\org.eclipse.m2e.maven.runtime_3.9.500.20231113-2345\jars\plexus-cipher-2.0.jar
2025-09-18 17:20:16,432 [Worker-7: Launching mavenrun-5fb68604-2c94-43b3-8250-3227a284fea1] INFO  o.eclipse.m2e.core.internal.Bundles - 	Entry: C:\Users\WALK-COMP-035\.p2\pool\plugins\org.eclipse.m2e.maven.runtime_3.9.500.20231113-2345\jars\plexus-classworlds-2.7.0.jar
2025-09-18 17:20:16,432 [Worker-7: Launching mavenrun-5fb68604-2c94-43b3-8250-3227a284fea1] INFO  o.eclipse.m2e.core.internal.Bundles - 	Entry: C:\Users\WALK-COMP-035\.p2\pool\plugins\org.eclipse.m2e.maven.runtime_3.9.500.20231113-2345\jars\plexus-component-annotations-2.1.0.jar
2025-09-18 17:20:16,432 [Worker-7: Launching mavenrun-5fb68604-2c94-43b3-8250-3227a284fea1] INFO  o.eclipse.m2e.core.internal.Bundles - 	Entry: C:\Users\WALK-COMP-035\.p2\pool\plugins\org.eclipse.m2e.maven.runtime_3.9.500.20231113-2345\jars\plexus-interpolation-1.26.jar
2025-09-18 17:20:16,432 [Worker-7: Launching mavenrun-5fb68604-2c94-43b3-8250-3227a284fea1] INFO  o.eclipse.m2e.core.internal.Bundles - 	Entry: C:\Users\WALK-COMP-035\.p2\pool\plugins\org.eclipse.m2e.maven.runtime_3.9.500.20231113-2345\jars\plexus-sec-dispatcher-2.0.jar
2025-09-18 17:20:16,432 [Worker-7: Launching mavenrun-5fb68604-2c94-43b3-8250-3227a284fea1] INFO  o.eclipse.m2e.core.internal.Bundles - 	Entry: C:\Users\WALK-COMP-035\.p2\pool\plugins\org.eclipse.m2e.maven.runtime_3.9.500.20231113-2345\jars\plexus-utils-3.5.1.jar
2025-09-18 17:20:16,432 [Worker-7: Launching mavenrun-5fb68604-2c94-43b3-8250-3227a284fea1] INFO  o.eclipse.m2e.core.internal.Bundles - 	Entry: C:\Users\WALK-COMP-035\.p2\pool\plugins\org.eclipse.m2e.maven.runtime_3.9.500.20231113-2345\jars\wagon-file-3.5.3.jar
2025-09-18 17:20:16,432 [Worker-7: Launching mavenrun-5fb68604-2c94-43b3-8250-3227a284fea1] INFO  o.eclipse.m2e.core.internal.Bundles - 	Entry: C:\Users\WALK-COMP-035\.p2\pool\plugins\org.eclipse.m2e.maven.runtime_3.9.500.20231113-2345\jars\wagon-http-3.5.3.jar
2025-09-18 17:20:16,432 [Worker-7: Launching mavenrun-5fb68604-2c94-43b3-8250-3227a284fea1] INFO  o.eclipse.m2e.core.internal.Bundles - 	Entry: C:\Users\WALK-COMP-035\.p2\pool\plugins\org.eclipse.m2e.maven.runtime_3.9.500.20231113-2345\jars\wagon-http-shared-3.5.3.jar
2025-09-18 17:20:16,439 [Worker-7: Launching mavenrun-5fb68604-2c94-43b3-8250-3227a284fea1] INFO  o.eclipse.m2e.core.internal.Bundles - 	Entry: C:\Users\WALK-COMP-035\.p2\pool\plugins\org.eclipse.m2e.maven.runtime_3.9.500.20231113-2345\jars\wagon-provider-api-3.5.3.jar
2025-09-18 17:20:16,440 [Worker-7: Launching mavenrun-5fb68604-2c94-43b3-8250-3227a284fea1] INFO  o.eclipse.m2e.core.internal.Bundles - getClasspathEntries(Bundle=com.google.guava_32.1.3.jre [12])
2025-09-18 17:20:16,441 [Worker-7: Launching mavenrun-5fb68604-2c94-43b3-8250-3227a284fea1] INFO  o.eclipse.m2e.core.internal.Bundles - 	Entry: C:\Users\WALK-COMP-035\.p2\pool\plugins\com.google.guava_32.1.3.jre.jar
2025-09-18 17:20:16,441 [Worker-7: Launching mavenrun-5fb68604-2c94-43b3-8250-3227a284fea1] INFO  o.eclipse.m2e.core.internal.Bundles - getClasspathEntries(Bundle=slf4j.api_2.0.9 [986])
2025-09-18 17:20:16,441 [Worker-7: Launching mavenrun-5fb68604-2c94-43b3-8250-3227a284fea1] INFO  o.eclipse.m2e.core.internal.Bundles - 	Entry: C:\Users\WALK-COMP-035\.p2\pool\plugins\slf4j.api_2.0.9.jar
2025-09-18 17:20:16,441 [Worker-7: Launching mavenrun-5fb68604-2c94-43b3-8250-3227a284fea1] INFO  o.eclipse.m2e.core.internal.Bundles - getClasspathEntries(Bundle=jakarta.inject.jakarta.inject-api_1.0.5 [29])
2025-09-18 17:20:16,441 [Worker-7: Launching mavenrun-5fb68604-2c94-43b3-8250-3227a284fea1] INFO  o.eclipse.m2e.core.internal.Bundles - 	Entry: C:\Users\WALK-COMP-035\.p2\pool\plugins\jakarta.inject.jakarta.inject-api_1.0.5.jar
2025-09-18 17:20:16,441 [Worker-7: Launching mavenrun-5fb68604-2c94-43b3-8250-3227a284fea1] INFO  o.eclipse.m2e.core.internal.Bundles - getClasspathEntries(Bundle=jakarta.annotation-api_1.3.5 [24])
2025-09-18 17:20:16,442 [Worker-7: Launching mavenrun-5fb68604-2c94-43b3-8250-3227a284fea1] INFO  o.eclipse.m2e.core.internal.Bundles - 	Entry: C:\Users\WALK-COMP-035\.p2\pool\plugins\jakarta.annotation-api_1.3.5.jar
2025-09-18 17:20:16,442 [Worker-7: Launching mavenrun-5fb68604-2c94-43b3-8250-3227a284fea1] INFO  o.eclipse.m2e.core.internal.Bundles - getClasspathEntries(Bundle=org.apache.commons.cli_1.6.0 [71])
2025-09-18 17:20:16,442 [Worker-7: Launching mavenrun-5fb68604-2c94-43b3-8250-3227a284fea1] INFO  o.eclipse.m2e.core.internal.Bundles - 	Entry: C:\Users\WALK-COMP-035\.p2\pool\plugins\org.apache.commons.cli_1.6.0.jar
2025-09-18 17:20:16,442 [Worker-7: Launching mavenrun-5fb68604-2c94-43b3-8250-3227a284fea1] INFO  o.eclipse.m2e.core.internal.Bundles - getClasspathEntries(Bundle=org.apache.commons.commons-codec_1.16.0 [75])
2025-09-18 17:20:16,442 [Worker-7: Launching mavenrun-5fb68604-2c94-43b3-8250-3227a284fea1] INFO  o.eclipse.m2e.core.internal.Bundles - 	Entry: C:\Users\WALK-COMP-035\.p2\pool\plugins\org.apache.commons.commons-codec_1.16.0.jar
2025-09-18 17:20:16,442 [Worker-7: Launching mavenrun-5fb68604-2c94-43b3-8250-3227a284fea1] INFO  o.eclipse.m2e.core.internal.Bundles - getClasspathEntries(Bundle=org.apache.commons.lang3_3.13.0 [82])
2025-09-18 17:20:16,443 [Worker-7: Launching mavenrun-5fb68604-2c94-43b3-8250-3227a284fea1] INFO  o.eclipse.m2e.core.internal.Bundles - 	Entry: C:\Users\WALK-COMP-035\.p2\pool\plugins\org.apache.commons.lang3_3.13.0.jar
2025-09-18 17:20:16,443 [Worker-7: Launching mavenrun-5fb68604-2c94-43b3-8250-3227a284fea1] INFO  o.eclipse.m2e.core.internal.Bundles - getClasspathEntries(Bundle=com.google.guava.failureaccess_1.0.2 [13])
2025-09-18 17:20:16,444 [Worker-7: Launching mavenrun-5fb68604-2c94-43b3-8250-3227a284fea1] INFO  o.eclipse.m2e.core.internal.Bundles - 	Entry: C:\Users\WALK-COMP-035\.p2\pool\plugins\com.google.guava.failureaccess_1.0.2.jar
2025-09-18 17:20:16,452 [Worker-7: Launching mavenrun-5fb68604-2c94-43b3-8250-3227a284fea1] INFO  o.e.m.i.launch.MavenLaunchDelegate - Run build in "C:\Users\WALK-C~1\AppData\Local\Temp\m2e-archetypeGenerator13918450974287822285":
2025-09-18 17:20:16,455 [Worker-7: Launching mavenrun-5fb68604-2c94-43b3-8250-3227a284fea1] INFO  o.e.m.i.launch.MavenLaunchDelegate -  mvn  -DjavaCompilerVersion=17 -DjunitVersion=5.11.0 -DarchetypeGroupId=org.apache.maven.archetypes -DarchetypeArtifactId=maven-archetype-quickstart -DarchetypeVersion=1.5 -DgroupId=com.bat -DartifactId=com.bat -Dversion=0.0.1-SNAPSHOT -Dpackage=com.bat.com.bat -DoutputDirectory=C:\Users\WALK-COMP-035\Desktop\com.bat -Dstyle.color=always -U archetype:generate
2025-09-18 17:21:39,830 [Worker-6: Launching mavenrun-afd76fc9-83eb-4e51-bf1b-2039419f25b8] INFO  o.eclipse.m2e.core.internal.Bundles - getClasspathEntries(Bundle=org.eclipse.m2e.maven.runtime_3.9.500.20231113-2345 [626])
2025-09-18 17:21:39,831 [Worker-6: Launching mavenrun-afd76fc9-83eb-4e51-bf1b-2039419f25b8] INFO  o.eclipse.m2e.core.internal.Bundles - 	Entry: C:\Users\WALK-COMP-035\.p2\pool\plugins\org.eclipse.m2e.maven.runtime_3.9.500.20231113-2345
2025-09-18 17:21:39,831 [Worker-6: Launching mavenrun-afd76fc9-83eb-4e51-bf1b-2039419f25b8] INFO  o.eclipse.m2e.core.internal.Bundles - 	Entry: C:\Users\WALK-COMP-035\.p2\pool\plugins\org.eclipse.m2e.maven.runtime_3.9.500.20231113-2345\jars\aopalliance-1.0.jar
2025-09-18 17:21:39,831 [Worker-6: Launching mavenrun-afd76fc9-83eb-4e51-bf1b-2039419f25b8] INFO  o.eclipse.m2e.core.internal.Bundles - 	Entry: C:\Users\WALK-COMP-035\.p2\pool\plugins\org.eclipse.m2e.maven.runtime_3.9.500.20231113-2345\jars\guice-5.1.0.jar
2025-09-18 17:21:39,832 [Worker-6: Launching mavenrun-afd76fc9-83eb-4e51-bf1b-2039419f25b8] INFO  o.eclipse.m2e.core.internal.Bundles - 	Entry: C:\Users\WALK-COMP-035\.p2\pool\plugins\org.eclipse.m2e.maven.runtime_3.9.500.20231113-2345\jars\httpclient-4.5.14.jar
2025-09-18 17:21:39,832 [Worker-6: Launching mavenrun-afd76fc9-83eb-4e51-bf1b-2039419f25b8] INFO  o.eclipse.m2e.core.internal.Bundles - 	Entry: C:\Users\WALK-COMP-035\.p2\pool\plugins\org.eclipse.m2e.maven.runtime_3.9.500.20231113-2345\jars\httpcore-4.4.16.jar
2025-09-18 17:21:39,832 [Worker-6: Launching mavenrun-afd76fc9-83eb-4e51-bf1b-2039419f25b8] INFO  o.eclipse.m2e.core.internal.Bundles - 	Entry: C:\Users\WALK-COMP-035\.p2\pool\plugins\org.eclipse.m2e.maven.runtime_3.9.500.20231113-2345\jars\jansi-2.4.0.jar
2025-09-18 17:21:39,832 [Worker-6: Launching mavenrun-afd76fc9-83eb-4e51-bf1b-2039419f25b8] INFO  o.eclipse.m2e.core.internal.Bundles - 	Entry: C:\Users\WALK-COMP-035\.p2\pool\plugins\org.eclipse.m2e.maven.runtime_3.9.500.20231113-2345\jars\jcl-over-slf4j-1.7.36.jar
2025-09-18 17:21:39,832 [Worker-6: Launching mavenrun-afd76fc9-83eb-4e51-bf1b-2039419f25b8] INFO  o.eclipse.m2e.core.internal.Bundles - 	Entry: C:\Users\WALK-COMP-035\.p2\pool\plugins\org.eclipse.m2e.maven.runtime_3.9.500.20231113-2345\jars\maven-artifact-3.9.5.jar
2025-09-18 17:21:39,832 [Worker-6: Launching mavenrun-afd76fc9-83eb-4e51-bf1b-2039419f25b8] INFO  o.eclipse.m2e.core.internal.Bundles - 	Entry: C:\Users\WALK-COMP-035\.p2\pool\plugins\org.eclipse.m2e.maven.runtime_3.9.500.20231113-2345\jars\maven-builder-support-3.9.5.jar
2025-09-18 17:21:39,833 [Worker-6: Launching mavenrun-afd76fc9-83eb-4e51-bf1b-2039419f25b8] INFO  o.eclipse.m2e.core.internal.Bundles - 	Entry: C:\Users\WALK-COMP-035\.p2\pool\plugins\org.eclipse.m2e.maven.runtime_3.9.500.20231113-2345\jars\maven-compat-3.9.5.jar
2025-09-18 17:21:39,833 [Worker-6: Launching mavenrun-afd76fc9-83eb-4e51-bf1b-2039419f25b8] INFO  o.eclipse.m2e.core.internal.Bundles - 	Entry: C:\Users\WALK-COMP-035\.p2\pool\plugins\org.eclipse.m2e.maven.runtime_3.9.500.20231113-2345\jars\maven-core-3.9.5.jar
2025-09-18 17:21:39,833 [Worker-6: Launching mavenrun-afd76fc9-83eb-4e51-bf1b-2039419f25b8] INFO  o.eclipse.m2e.core.internal.Bundles - 	Entry: C:\Users\WALK-COMP-035\.p2\pool\plugins\org.eclipse.m2e.maven.runtime_3.9.500.20231113-2345\jars\maven-embedder-3.9.5.jar
2025-09-18 17:21:39,833 [Worker-6: Launching mavenrun-afd76fc9-83eb-4e51-bf1b-2039419f25b8] INFO  o.eclipse.m2e.core.internal.Bundles - 	Entry: C:\Users\WALK-COMP-035\.p2\pool\plugins\org.eclipse.m2e.maven.runtime_3.9.500.20231113-2345\jars\maven-model-3.9.5.jar
2025-09-18 17:21:39,833 [Worker-6: Launching mavenrun-afd76fc9-83eb-4e51-bf1b-2039419f25b8] INFO  o.eclipse.m2e.core.internal.Bundles - 	Entry: C:\Users\WALK-COMP-035\.p2\pool\plugins\org.eclipse.m2e.maven.runtime_3.9.500.20231113-2345\jars\maven-model-builder-3.9.5.jar
2025-09-18 17:21:39,833 [Worker-6: Launching mavenrun-afd76fc9-83eb-4e51-bf1b-2039419f25b8] INFO  o.eclipse.m2e.core.internal.Bundles - 	Entry: C:\Users\WALK-COMP-035\.p2\pool\plugins\org.eclipse.m2e.maven.runtime_3.9.500.20231113-2345\jars\maven-plugin-api-3.9.5.jar
2025-09-18 17:21:39,833 [Worker-6: Launching mavenrun-afd76fc9-83eb-4e51-bf1b-2039419f25b8] INFO  o.eclipse.m2e.core.internal.Bundles - 	Entry: C:\Users\WALK-COMP-035\.p2\pool\plugins\org.eclipse.m2e.maven.runtime_3.9.500.20231113-2345\jars\maven-repository-metadata-3.9.5.jar
2025-09-18 17:21:39,833 [Worker-6: Launching mavenrun-afd76fc9-83eb-4e51-bf1b-2039419f25b8] INFO  o.eclipse.m2e.core.internal.Bundles - 	Entry: C:\Users\WALK-COMP-035\.p2\pool\plugins\org.eclipse.m2e.maven.runtime_3.9.500.20231113-2345\jars\maven-resolver-api-1.9.16.jar
2025-09-18 17:21:39,834 [Worker-6: Launching mavenrun-afd76fc9-83eb-4e51-bf1b-2039419f25b8] INFO  o.eclipse.m2e.core.internal.Bundles - 	Entry: C:\Users\WALK-COMP-035\.p2\pool\plugins\org.eclipse.m2e.maven.runtime_3.9.500.20231113-2345\jars\maven-resolver-connector-basic-1.9.16.jar
2025-09-18 17:21:39,834 [Worker-6: Launching mavenrun-afd76fc9-83eb-4e51-bf1b-2039419f25b8] INFO  o.eclipse.m2e.core.internal.Bundles - 	Entry: C:\Users\WALK-COMP-035\.p2\pool\plugins\org.eclipse.m2e.maven.runtime_3.9.500.20231113-2345\jars\maven-resolver-impl-1.9.16.jar
2025-09-18 17:21:39,834 [Worker-6: Launching mavenrun-afd76fc9-83eb-4e51-bf1b-2039419f25b8] INFO  o.eclipse.m2e.core.internal.Bundles - 	Entry: C:\Users\WALK-COMP-035\.p2\pool\plugins\org.eclipse.m2e.maven.runtime_3.9.500.20231113-2345\jars\maven-resolver-named-locks-1.9.16.jar
2025-09-18 17:21:39,834 [Worker-6: Launching mavenrun-afd76fc9-83eb-4e51-bf1b-2039419f25b8] INFO  o.eclipse.m2e.core.internal.Bundles - 	Entry: C:\Users\WALK-COMP-035\.p2\pool\plugins\org.eclipse.m2e.maven.runtime_3.9.500.20231113-2345\jars\maven-resolver-provider-3.9.5.jar
2025-09-18 17:21:39,834 [Worker-6: Launching mavenrun-afd76fc9-83eb-4e51-bf1b-2039419f25b8] INFO  o.eclipse.m2e.core.internal.Bundles - 	Entry: C:\Users\WALK-COMP-035\.p2\pool\plugins\org.eclipse.m2e.maven.runtime_3.9.500.20231113-2345\jars\maven-resolver-spi-1.9.16.jar
2025-09-18 17:21:39,834 [Worker-6: Launching mavenrun-afd76fc9-83eb-4e51-bf1b-2039419f25b8] INFO  o.eclipse.m2e.core.internal.Bundles - 	Entry: C:\Users\WALK-COMP-035\.p2\pool\plugins\org.eclipse.m2e.maven.runtime_3.9.500.20231113-2345\jars\maven-resolver-transport-file-1.9.16.jar
2025-09-18 17:21:39,834 [Worker-6: Launching mavenrun-afd76fc9-83eb-4e51-bf1b-2039419f25b8] INFO  o.eclipse.m2e.core.internal.Bundles - 	Entry: C:\Users\WALK-COMP-035\.p2\pool\plugins\org.eclipse.m2e.maven.runtime_3.9.500.20231113-2345\jars\maven-resolver-transport-http-1.9.16.jar
2025-09-18 17:21:39,834 [Worker-6: Launching mavenrun-afd76fc9-83eb-4e51-bf1b-2039419f25b8] INFO  o.eclipse.m2e.core.internal.Bundles - 	Entry: C:\Users\WALK-COMP-035\.p2\pool\plugins\org.eclipse.m2e.maven.runtime_3.9.500.20231113-2345\jars\maven-resolver-transport-wagon-1.9.16.jar
2025-09-18 17:21:39,835 [Worker-6: Launching mavenrun-afd76fc9-83eb-4e51-bf1b-2039419f25b8] INFO  o.eclipse.m2e.core.internal.Bundles - 	Entry: C:\Users\WALK-COMP-035\.p2\pool\plugins\org.eclipse.m2e.maven.runtime_3.9.500.20231113-2345\jars\maven-resolver-util-1.9.16.jar
2025-09-18 17:21:39,835 [Worker-6: Launching mavenrun-afd76fc9-83eb-4e51-bf1b-2039419f25b8] INFO  o.eclipse.m2e.core.internal.Bundles - 	Entry: C:\Users\WALK-COMP-035\.p2\pool\plugins\org.eclipse.m2e.maven.runtime_3.9.500.20231113-2345\jars\maven-settings-3.9.5.jar
2025-09-18 17:21:39,835 [Worker-6: Launching mavenrun-afd76fc9-83eb-4e51-bf1b-2039419f25b8] INFO  o.eclipse.m2e.core.internal.Bundles - 	Entry: C:\Users\WALK-COMP-035\.p2\pool\plugins\org.eclipse.m2e.maven.runtime_3.9.500.20231113-2345\jars\maven-settings-builder-3.9.5.jar
2025-09-18 17:21:39,835 [Worker-6: Launching mavenrun-afd76fc9-83eb-4e51-bf1b-2039419f25b8] INFO  o.eclipse.m2e.core.internal.Bundles - 	Entry: C:\Users\WALK-COMP-035\.p2\pool\plugins\org.eclipse.m2e.maven.runtime_3.9.500.20231113-2345\jars\maven-shared-utils-3.3.4.jar
2025-09-18 17:21:39,835 [Worker-6: Launching mavenrun-afd76fc9-83eb-4e51-bf1b-2039419f25b8] INFO  o.eclipse.m2e.core.internal.Bundles - 	Entry: C:\Users\WALK-COMP-035\.p2\pool\plugins\org.eclipse.m2e.maven.runtime_3.9.500.20231113-2345\jars\org.eclipse.sisu.inject-0.3.5.jar
2025-09-18 17:21:39,835 [Worker-6: Launching mavenrun-afd76fc9-83eb-4e51-bf1b-2039419f25b8] INFO  o.eclipse.m2e.core.internal.Bundles - 	Entry: C:\Users\WALK-COMP-035\.p2\pool\plugins\org.eclipse.m2e.maven.runtime_3.9.500.20231113-2345\jars\org.eclipse.sisu.plexus-0.3.5.jar
2025-09-18 17:21:39,835 [Worker-6: Launching mavenrun-afd76fc9-83eb-4e51-bf1b-2039419f25b8] INFO  o.eclipse.m2e.core.internal.Bundles - 	Entry: C:\Users\WALK-COMP-035\.p2\pool\plugins\org.eclipse.m2e.maven.runtime_3.9.500.20231113-2345\jars\plexus-build-api-0.0.7.jar
2025-09-18 17:21:39,835 [Worker-6: Launching mavenrun-afd76fc9-83eb-4e51-bf1b-2039419f25b8] INFO  o.eclipse.m2e.core.internal.Bundles - 	Entry: C:\Users\WALK-COMP-035\.p2\pool\plugins\org.eclipse.m2e.maven.runtime_3.9.500.20231113-2345\jars\plexus-cipher-2.0.jar
2025-09-18 17:21:39,836 [Worker-6: Launching mavenrun-afd76fc9-83eb-4e51-bf1b-2039419f25b8] INFO  o.eclipse.m2e.core.internal.Bundles - 	Entry: C:\Users\WALK-COMP-035\.p2\pool\plugins\org.eclipse.m2e.maven.runtime_3.9.500.20231113-2345\jars\plexus-classworlds-2.7.0.jar
2025-09-18 17:21:39,836 [Worker-6: Launching mavenrun-afd76fc9-83eb-4e51-bf1b-2039419f25b8] INFO  o.eclipse.m2e.core.internal.Bundles - 	Entry: C:\Users\WALK-COMP-035\.p2\pool\plugins\org.eclipse.m2e.maven.runtime_3.9.500.20231113-2345\jars\plexus-component-annotations-2.1.0.jar
2025-09-18 17:21:39,836 [Worker-6: Launching mavenrun-afd76fc9-83eb-4e51-bf1b-2039419f25b8] INFO  o.eclipse.m2e.core.internal.Bundles - 	Entry: C:\Users\WALK-COMP-035\.p2\pool\plugins\org.eclipse.m2e.maven.runtime_3.9.500.20231113-2345\jars\plexus-interpolation-1.26.jar
2025-09-18 17:21:39,836 [Worker-6: Launching mavenrun-afd76fc9-83eb-4e51-bf1b-2039419f25b8] INFO  o.eclipse.m2e.core.internal.Bundles - 	Entry: C:\Users\WALK-COMP-035\.p2\pool\plugins\org.eclipse.m2e.maven.runtime_3.9.500.20231113-2345\jars\plexus-sec-dispatcher-2.0.jar
2025-09-18 17:21:39,836 [Worker-6: Launching mavenrun-afd76fc9-83eb-4e51-bf1b-2039419f25b8] INFO  o.eclipse.m2e.core.internal.Bundles - 	Entry: C:\Users\WALK-COMP-035\.p2\pool\plugins\org.eclipse.m2e.maven.runtime_3.9.500.20231113-2345\jars\plexus-utils-3.5.1.jar
2025-09-18 17:21:39,836 [Worker-6: Launching mavenrun-afd76fc9-83eb-4e51-bf1b-2039419f25b8] INFO  o.eclipse.m2e.core.internal.Bundles - 	Entry: C:\Users\WALK-COMP-035\.p2\pool\plugins\org.eclipse.m2e.maven.runtime_3.9.500.20231113-2345\jars\wagon-file-3.5.3.jar
2025-09-18 17:21:39,836 [Worker-6: Launching mavenrun-afd76fc9-83eb-4e51-bf1b-2039419f25b8] INFO  o.eclipse.m2e.core.internal.Bundles - 	Entry: C:\Users\WALK-COMP-035\.p2\pool\plugins\org.eclipse.m2e.maven.runtime_3.9.500.20231113-2345\jars\wagon-http-3.5.3.jar
2025-09-18 17:21:39,836 [Worker-6: Launching mavenrun-afd76fc9-83eb-4e51-bf1b-2039419f25b8] INFO  o.eclipse.m2e.core.internal.Bundles - 	Entry: C:\Users\WALK-COMP-035\.p2\pool\plugins\org.eclipse.m2e.maven.runtime_3.9.500.20231113-2345\jars\wagon-http-shared-3.5.3.jar
2025-09-18 17:21:39,837 [Worker-6: Launching mavenrun-afd76fc9-83eb-4e51-bf1b-2039419f25b8] INFO  o.eclipse.m2e.core.internal.Bundles - 	Entry: C:\Users\WALK-COMP-035\.p2\pool\plugins\org.eclipse.m2e.maven.runtime_3.9.500.20231113-2345\jars\wagon-provider-api-3.5.3.jar
2025-09-18 17:21:39,837 [Worker-6: Launching mavenrun-afd76fc9-83eb-4e51-bf1b-2039419f25b8] INFO  o.eclipse.m2e.core.internal.Bundles - getClasspathEntries(Bundle=com.google.guava_32.1.3.jre [12])
2025-09-18 17:21:39,837 [Worker-6: Launching mavenrun-afd76fc9-83eb-4e51-bf1b-2039419f25b8] INFO  o.eclipse.m2e.core.internal.Bundles - 	Entry: C:\Users\WALK-COMP-035\.p2\pool\plugins\com.google.guava_32.1.3.jre.jar
2025-09-18 17:21:39,837 [Worker-6: Launching mavenrun-afd76fc9-83eb-4e51-bf1b-2039419f25b8] INFO  o.eclipse.m2e.core.internal.Bundles - getClasspathEntries(Bundle=slf4j.api_2.0.9 [986])
2025-09-18 17:21:39,837 [Worker-6: Launching mavenrun-afd76fc9-83eb-4e51-bf1b-2039419f25b8] INFO  o.eclipse.m2e.core.internal.Bundles - 	Entry: C:\Users\WALK-COMP-035\.p2\pool\plugins\slf4j.api_2.0.9.jar
2025-09-18 17:21:39,837 [Worker-6: Launching mavenrun-afd76fc9-83eb-4e51-bf1b-2039419f25b8] INFO  o.eclipse.m2e.core.internal.Bundles - getClasspathEntries(Bundle=jakarta.inject.jakarta.inject-api_1.0.5 [29])
2025-09-18 17:21:39,838 [Worker-6: Launching mavenrun-afd76fc9-83eb-4e51-bf1b-2039419f25b8] INFO  o.eclipse.m2e.core.internal.Bundles - 	Entry: C:\Users\WALK-COMP-035\.p2\pool\plugins\jakarta.inject.jakarta.inject-api_1.0.5.jar
2025-09-18 17:21:39,838 [Worker-6: Launching mavenrun-afd76fc9-83eb-4e51-bf1b-2039419f25b8] INFO  o.eclipse.m2e.core.internal.Bundles - getClasspathEntries(Bundle=jakarta.annotation-api_1.3.5 [24])
2025-09-18 17:21:39,838 [Worker-6: Launching mavenrun-afd76fc9-83eb-4e51-bf1b-2039419f25b8] INFO  o.eclipse.m2e.core.internal.Bundles - 	Entry: C:\Users\WALK-COMP-035\.p2\pool\plugins\jakarta.annotation-api_1.3.5.jar
2025-09-18 17:21:39,838 [Worker-6: Launching mavenrun-afd76fc9-83eb-4e51-bf1b-2039419f25b8] INFO  o.eclipse.m2e.core.internal.Bundles - getClasspathEntries(Bundle=org.apache.commons.cli_1.6.0 [71])
2025-09-18 17:21:39,838 [Worker-6: Launching mavenrun-afd76fc9-83eb-4e51-bf1b-2039419f25b8] INFO  o.eclipse.m2e.core.internal.Bundles - 	Entry: C:\Users\WALK-COMP-035\.p2\pool\plugins\org.apache.commons.cli_1.6.0.jar
2025-09-18 17:21:39,838 [Worker-6: Launching mavenrun-afd76fc9-83eb-4e51-bf1b-2039419f25b8] INFO  o.eclipse.m2e.core.internal.Bundles - getClasspathEntries(Bundle=org.apache.commons.commons-codec_1.16.0 [75])
2025-09-18 17:21:39,839 [Worker-6: Launching mavenrun-afd76fc9-83eb-4e51-bf1b-2039419f25b8] INFO  o.eclipse.m2e.core.internal.Bundles - 	Entry: C:\Users\WALK-COMP-035\.p2\pool\plugins\org.apache.commons.commons-codec_1.16.0.jar
2025-09-18 17:21:39,839 [Worker-6: Launching mavenrun-afd76fc9-83eb-4e51-bf1b-2039419f25b8] INFO  o.eclipse.m2e.core.internal.Bundles - getClasspathEntries(Bundle=org.apache.commons.lang3_3.13.0 [82])
2025-09-18 17:21:39,839 [Worker-6: Launching mavenrun-afd76fc9-83eb-4e51-bf1b-2039419f25b8] INFO  o.eclipse.m2e.core.internal.Bundles - 	Entry: C:\Users\WALK-COMP-035\.p2\pool\plugins\org.apache.commons.lang3_3.13.0.jar
2025-09-18 17:21:39,839 [Worker-6: Launching mavenrun-afd76fc9-83eb-4e51-bf1b-2039419f25b8] INFO  o.eclipse.m2e.core.internal.Bundles - getClasspathEntries(Bundle=com.google.guava.failureaccess_1.0.2 [13])
2025-09-18 17:21:39,839 [Worker-6: Launching mavenrun-afd76fc9-83eb-4e51-bf1b-2039419f25b8] INFO  o.eclipse.m2e.core.internal.Bundles - 	Entry: C:\Users\WALK-COMP-035\.p2\pool\plugins\com.google.guava.failureaccess_1.0.2.jar
2025-09-18 17:21:39,840 [Worker-6: Launching mavenrun-afd76fc9-83eb-4e51-bf1b-2039419f25b8] INFO  o.e.m.i.launch.MavenLaunchDelegate - Run build in "C:\Users\WALK-C~1\AppData\Local\Temp\m2e-archetypeGenerator16386282263044380815":
2025-09-18 17:21:39,840 [Worker-6: Launching mavenrun-afd76fc9-83eb-4e51-bf1b-2039419f25b8] INFO  o.e.m.i.launch.MavenLaunchDelegate -  mvn  -DjavaCompilerVersion=17 -DjunitVersion=5.11.0 -DarchetypeGroupId=org.apache.maven.archetypes -DarchetypeArtifactId=maven-archetype-quickstart -DarchetypeVersion=1.5 -DgroupId=bat -DartifactId=bat -Dversion=0.0.1-SNAPSHOT -Dpackage=bat.bat -DoutputDirectory=C:\Users\WALK-COMP-035\Desktop\com.bat -Dstyle.color=always -U archetype:generate
2025-09-18 17:23:29,663 [Worker-1: Loading available Gradle versions] INFO  o.e.b.c.i.u.g.PublishedGradleVersions - Gradle version information cache is up-to-date. Trying to read.
2025-09-22 12:43:43,818 [Worker-0: Loading available Gradle versions] INFO  o.e.b.c.i.u.g.PublishedGradleVersions - Gradle version information cache is up-to-date. Trying to read.
2025-09-22 12:51:56,373 [Worker-0: Loading available Gradle versions] INFO  o.e.b.c.i.u.g.PublishedGradleVersions - Gradle version information cache is up-to-date. Trying to read.
